[0.121s] DEBUG:colcon:Command line arguments: ['/home/yuanchu/.venv/stretch/bin/colcon', 'build']
[0.122s] DEBUG:colcon:Parsed command line arguments: Namespace(log_base=None, log_level=None, verb_name='build', build_base='build', install_base='install', merge_install=False, symlink_install=False, test_result_base=None, continue_on_error=False, executor='parallel', parallel_workers=22, event_handlers=None, ignore_user_meta=False, metas=['./colcon.meta'], base_paths=['.'], packages_ignore=None, packages_ignore_regex=None, paths=None, packages_up_to=None, packages_up_to_regex=None, packages_above=None, packages_above_and_dependencies=None, packages_above_depth=None, packages_select_by_dep=None, packages_skip_by_dep=None, packages_skip_up_to=None, packages_select_build_failed=False, packages_skip_build_finished=False, packages_select_test_failures=False, packages_skip_test_passed=False, packages_select=None, packages_skip=None, packages_select_regex=None, packages_skip_regex=None, packages_start=None, packages_end=None, cmake_args=None, cmake_target=None, cmake_target_skip_unavailable=False, cmake_clean_cache=False, cmake_clean_first=False, cmake_force_configure=False, ament_cmake_args=None, catkin_cmake_args=None, catkin_skip_building_tests=False, verb_parser=<colcon_defaults.argument_parser.defaults.DefaultArgumentsDecorator object at 0x7cf38ad61cf0>, verb_extension=<colcon_core.verb.build.BuildVerb object at 0x7cf38aed7310>, main=<bound method BuildVerb.main of <colcon_core.verb.build.BuildVerb object at 0x7cf38aed7310>>)
[0.172s] Level 1:colcon.colcon_core.package_discovery:discover_packages(colcon_meta) check parameters
[0.172s] Level 1:colcon.colcon_core.package_discovery:discover_packages(recursive) check parameters
[0.172s] Level 1:colcon.colcon_core.package_discovery:discover_packages(ignore) check parameters
[0.172s] Level 1:colcon.colcon_core.package_discovery:discover_packages(path) check parameters
[0.172s] Level 1:colcon.colcon_core.package_discovery:discover_packages(colcon_meta) discover
[0.172s] Level 1:colcon.colcon_core.package_discovery:discover_packages(recursive) discover
[0.172s] INFO:colcon.colcon_core.package_discovery:Crawling recursively for packages in '/home/yuanchu/ros2_ws/src/stretch_pomdp/stretch_pomdp'
[0.172s] Level 1:colcon.colcon_core.package_identification:_identify(.) by extensions ['ignore', 'ignore_ament_install']
[0.172s] Level 1:colcon.colcon_core.package_identification:_identify(.) by extension 'ignore'
[0.172s] Level 1:colcon.colcon_core.package_identification:_identify(.) by extension 'ignore_ament_install'
[0.172s] Level 1:colcon.colcon_core.package_identification:_identify(.) by extensions ['colcon_pkg']
[0.172s] Level 1:colcon.colcon_core.package_identification:_identify(.) by extension 'colcon_pkg'
[0.173s] Level 1:colcon.colcon_core.package_identification:_identify(.) by extensions ['colcon_meta']
[0.173s] Level 1:colcon.colcon_core.package_identification:_identify(.) by extension 'colcon_meta'
[0.173s] Level 1:colcon.colcon_core.package_identification:_identify(.) by extensions ['ros']
[0.173s] Level 1:colcon.colcon_core.package_identification:_identify(.) by extension 'ros'
[0.201s] Level 1:colcon.colcon_core.package_identification:_identify(.) by extensions ['cmake', 'python']
[0.201s] Level 1:colcon.colcon_core.package_identification:_identify(.) by extension 'cmake'
[0.201s] Level 1:colcon.colcon_core.package_identification:_identify(.) by extension 'python'
[0.201s] Level 1:colcon.colcon_core.package_identification:_identify(.) by extensions ['python_setup_py']
[0.201s] Level 1:colcon.colcon_core.package_identification:_identify(.) by extension 'python_setup_py'
[0.201s] Level 1:colcon.colcon_core.package_identification:_identify(__pycache__) by extensions ['ignore', 'ignore_ament_install']
[0.201s] Level 1:colcon.colcon_core.package_identification:_identify(__pycache__) by extension 'ignore'
[0.201s] Level 1:colcon.colcon_core.package_identification:_identify(__pycache__) by extension 'ignore_ament_install'
[0.201s] Level 1:colcon.colcon_core.package_identification:_identify(__pycache__) by extensions ['colcon_pkg']
[0.201s] Level 1:colcon.colcon_core.package_identification:_identify(__pycache__) by extension 'colcon_pkg'
[0.201s] Level 1:colcon.colcon_core.package_identification:_identify(__pycache__) by extensions ['colcon_meta']
[0.201s] Level 1:colcon.colcon_core.package_identification:_identify(__pycache__) by extension 'colcon_meta'
[0.202s] Level 1:colcon.colcon_core.package_identification:_identify(__pycache__) by extensions ['ros']
[0.202s] Level 1:colcon.colcon_core.package_identification:_identify(__pycache__) by extension 'ros'
[0.202s] Level 1:colcon.colcon_core.package_identification:_identify(__pycache__) by extensions ['cmake', 'python']
[0.202s] Level 1:colcon.colcon_core.package_identification:_identify(__pycache__) by extension 'cmake'
[0.202s] Level 1:colcon.colcon_core.package_identification:_identify(__pycache__) by extension 'python'
[0.202s] Level 1:colcon.colcon_core.package_identification:_identify(__pycache__) by extensions ['python_setup_py']
[0.202s] Level 1:colcon.colcon_core.package_identification:_identify(__pycache__) by extension 'python_setup_py'
[0.202s] Level 1:colcon.colcon_core.package_identification:_identify(build) by extensions ['ignore', 'ignore_ament_install']
[0.202s] Level 1:colcon.colcon_core.package_identification:_identify(build) by extension 'ignore'
[0.202s] Level 1:colcon.colcon_core.package_identification:_identify(build) ignored
[0.202s] Level 1:colcon.colcon_core.package_identification:_identify(install) by extensions ['ignore', 'ignore_ament_install']
[0.202s] Level 1:colcon.colcon_core.package_identification:_identify(install) by extension 'ignore'
[0.202s] Level 1:colcon.colcon_core.package_identification:_identify(install) ignored
[0.202s] Level 1:colcon.colcon_core.package_identification:_identify(log) by extensions ['ignore', 'ignore_ament_install']
[0.202s] Level 1:colcon.colcon_core.package_identification:_identify(log) by extension 'ignore'
[0.202s] Level 1:colcon.colcon_core.package_identification:_identify(log) ignored
[0.202s] Level 1:colcon.colcon_core.package_identification:_identify(problems) by extensions ['ignore', 'ignore_ament_install']
[0.203s] Level 1:colcon.colcon_core.package_identification:_identify(problems) by extension 'ignore'
[0.203s] Level 1:colcon.colcon_core.package_identification:_identify(problems) by extension 'ignore_ament_install'
[0.203s] Level 1:colcon.colcon_core.package_identification:_identify(problems) by extensions ['colcon_pkg']
[0.203s] Level 1:colcon.colcon_core.package_identification:_identify(problems) by extension 'colcon_pkg'
[0.203s] Level 1:colcon.colcon_core.package_identification:_identify(problems) by extensions ['colcon_meta']
[0.203s] Level 1:colcon.colcon_core.package_identification:_identify(problems) by extension 'colcon_meta'
[0.203s] Level 1:colcon.colcon_core.package_identification:_identify(problems) by extensions ['ros']
[0.203s] Level 1:colcon.colcon_core.package_identification:_identify(problems) by extension 'ros'
[0.203s] Level 1:colcon.colcon_core.package_identification:_identify(problems) by extensions ['cmake', 'python']
[0.203s] Level 1:colcon.colcon_core.package_identification:_identify(problems) by extension 'cmake'
[0.203s] Level 1:colcon.colcon_core.package_identification:_identify(problems) by extension 'python'
[0.203s] Level 1:colcon.colcon_core.package_identification:_identify(problems) by extensions ['python_setup_py']
[0.203s] Level 1:colcon.colcon_core.package_identification:_identify(problems) by extension 'python_setup_py'
[0.203s] Level 1:colcon.colcon_core.package_identification:_identify(problems/__pycache__) by extensions ['ignore', 'ignore_ament_install']
[0.203s] Level 1:colcon.colcon_core.package_identification:_identify(problems/__pycache__) by extension 'ignore'
[0.203s] Level 1:colcon.colcon_core.package_identification:_identify(problems/__pycache__) by extension 'ignore_ament_install'
[0.203s] Level 1:colcon.colcon_core.package_identification:_identify(problems/__pycache__) by extensions ['colcon_pkg']
[0.203s] Level 1:colcon.colcon_core.package_identification:_identify(problems/__pycache__) by extension 'colcon_pkg'
[0.203s] Level 1:colcon.colcon_core.package_identification:_identify(problems/__pycache__) by extensions ['colcon_meta']
[0.203s] Level 1:colcon.colcon_core.package_identification:_identify(problems/__pycache__) by extension 'colcon_meta'
[0.203s] Level 1:colcon.colcon_core.package_identification:_identify(problems/__pycache__) by extensions ['ros']
[0.203s] Level 1:colcon.colcon_core.package_identification:_identify(problems/__pycache__) by extension 'ros'
[0.203s] Level 1:colcon.colcon_core.package_identification:_identify(problems/__pycache__) by extensions ['cmake', 'python']
[0.204s] Level 1:colcon.colcon_core.package_identification:_identify(problems/__pycache__) by extension 'cmake'
[0.204s] Level 1:colcon.colcon_core.package_identification:_identify(problems/__pycache__) by extension 'python'
[0.204s] Level 1:colcon.colcon_core.package_identification:_identify(problems/__pycache__) by extensions ['python_setup_py']
[0.204s] Level 1:colcon.colcon_core.package_identification:_identify(problems/__pycache__) by extension 'python_setup_py'
[0.204s] Level 1:colcon.colcon_core.package_identification:_identify(problems/stretch) by extensions ['ignore', 'ignore_ament_install']
[0.204s] Level 1:colcon.colcon_core.package_identification:_identify(problems/stretch) by extension 'ignore'
[0.204s] Level 1:colcon.colcon_core.package_identification:_identify(problems/stretch) by extension 'ignore_ament_install'
[0.204s] Level 1:colcon.colcon_core.package_identification:_identify(problems/stretch) by extensions ['colcon_pkg']
[0.204s] Level 1:colcon.colcon_core.package_identification:_identify(problems/stretch) by extension 'colcon_pkg'
[0.204s] Level 1:colcon.colcon_core.package_identification:_identify(problems/stretch) by extensions ['colcon_meta']
[0.204s] Level 1:colcon.colcon_core.package_identification:_identify(problems/stretch) by extension 'colcon_meta'
[0.204s] Level 1:colcon.colcon_core.package_identification:_identify(problems/stretch) by extensions ['ros']
[0.204s] Level 1:colcon.colcon_core.package_identification:_identify(problems/stretch) by extension 'ros'
[0.204s] Level 1:colcon.colcon_core.package_identification:_identify(problems/stretch) by extensions ['cmake', 'python']
[0.204s] Level 1:colcon.colcon_core.package_identification:_identify(problems/stretch) by extension 'cmake'
[0.204s] Level 1:colcon.colcon_core.package_identification:_identify(problems/stretch) by extension 'python'
[0.204s] Level 1:colcon.colcon_core.package_identification:_identify(problems/stretch) by extensions ['python_setup_py']
[0.204s] Level 1:colcon.colcon_core.package_identification:_identify(problems/stretch) by extension 'python_setup_py'
[0.204s] Level 1:colcon.colcon_core.package_identification:_identify(problems/stretch/__pycache__) by extensions ['ignore', 'ignore_ament_install']
[0.204s] Level 1:colcon.colcon_core.package_identification:_identify(problems/stretch/__pycache__) by extension 'ignore'
[0.204s] Level 1:colcon.colcon_core.package_identification:_identify(problems/stretch/__pycache__) by extension 'ignore_ament_install'
[0.204s] Level 1:colcon.colcon_core.package_identification:_identify(problems/stretch/__pycache__) by extensions ['colcon_pkg']
[0.205s] Level 1:colcon.colcon_core.package_identification:_identify(problems/stretch/__pycache__) by extension 'colcon_pkg'
[0.205s] Level 1:colcon.colcon_core.package_identification:_identify(problems/stretch/__pycache__) by extensions ['colcon_meta']
[0.205s] Level 1:colcon.colcon_core.package_identification:_identify(problems/stretch/__pycache__) by extension 'colcon_meta'
[0.205s] Level 1:colcon.colcon_core.package_identification:_identify(problems/stretch/__pycache__) by extensions ['ros']
[0.205s] Level 1:colcon.colcon_core.package_identification:_identify(problems/stretch/__pycache__) by extension 'ros'
[0.205s] Level 1:colcon.colcon_core.package_identification:_identify(problems/stretch/__pycache__) by extensions ['cmake', 'python']
[0.205s] Level 1:colcon.colcon_core.package_identification:_identify(problems/stretch/__pycache__) by extension 'cmake'
[0.205s] Level 1:colcon.colcon_core.package_identification:_identify(problems/stretch/__pycache__) by extension 'python'
[0.205s] Level 1:colcon.colcon_core.package_identification:_identify(problems/stretch/__pycache__) by extensions ['python_setup_py']
[0.205s] Level 1:colcon.colcon_core.package_identification:_identify(problems/stretch/__pycache__) by extension 'python_setup_py'
[0.205s] Level 1:colcon.colcon_core.package_identification:_identify(problems/stretch/domain) by extensions ['ignore', 'ignore_ament_install']
[0.205s] Level 1:colcon.colcon_core.package_identification:_identify(problems/stretch/domain) by extension 'ignore'
[0.205s] Level 1:colcon.colcon_core.package_identification:_identify(problems/stretch/domain) by extension 'ignore_ament_install'
[0.205s] Level 1:colcon.colcon_core.package_identification:_identify(problems/stretch/domain) by extensions ['colcon_pkg']
[0.205s] Level 1:colcon.colcon_core.package_identification:_identify(problems/stretch/domain) by extension 'colcon_pkg'
[0.205s] Level 1:colcon.colcon_core.package_identification:_identify(problems/stretch/domain) by extensions ['colcon_meta']
[0.205s] Level 1:colcon.colcon_core.package_identification:_identify(problems/stretch/domain) by extension 'colcon_meta'
[0.205s] Level 1:colcon.colcon_core.package_identification:_identify(problems/stretch/domain) by extensions ['ros']
[0.205s] Level 1:colcon.colcon_core.package_identification:_identify(problems/stretch/domain) by extension 'ros'
[0.205s] Level 1:colcon.colcon_core.package_identification:_identify(problems/stretch/domain) by extensions ['cmake', 'python']
[0.205s] Level 1:colcon.colcon_core.package_identification:_identify(problems/stretch/domain) by extension 'cmake'
[0.205s] Level 1:colcon.colcon_core.package_identification:_identify(problems/stretch/domain) by extension 'python'
[0.205s] Level 1:colcon.colcon_core.package_identification:_identify(problems/stretch/domain) by extensions ['python_setup_py']
[0.205s] Level 1:colcon.colcon_core.package_identification:_identify(problems/stretch/domain) by extension 'python_setup_py'
[0.206s] Level 1:colcon.colcon_core.package_identification:_identify(problems/stretch/domain/__pycache__) by extensions ['ignore', 'ignore_ament_install']
[0.206s] Level 1:colcon.colcon_core.package_identification:_identify(problems/stretch/domain/__pycache__) by extension 'ignore'
[0.206s] Level 1:colcon.colcon_core.package_identification:_identify(problems/stretch/domain/__pycache__) by extension 'ignore_ament_install'
[0.206s] Level 1:colcon.colcon_core.package_identification:_identify(problems/stretch/domain/__pycache__) by extensions ['colcon_pkg']
[0.206s] Level 1:colcon.colcon_core.package_identification:_identify(problems/stretch/domain/__pycache__) by extension 'colcon_pkg'
[0.206s] Level 1:colcon.colcon_core.package_identification:_identify(problems/stretch/domain/__pycache__) by extensions ['colcon_meta']
[0.206s] Level 1:colcon.colcon_core.package_identification:_identify(problems/stretch/domain/__pycache__) by extension 'colcon_meta'
[0.206s] Level 1:colcon.colcon_core.package_identification:_identify(problems/stretch/domain/__pycache__) by extensions ['ros']
[0.206s] Level 1:colcon.colcon_core.package_identification:_identify(problems/stretch/domain/__pycache__) by extension 'ros'
[0.206s] Level 1:colcon.colcon_core.package_identification:_identify(problems/stretch/domain/__pycache__) by extensions ['cmake', 'python']
[0.206s] Level 1:colcon.colcon_core.package_identification:_identify(problems/stretch/domain/__pycache__) by extension 'cmake'
[0.206s] Level 1:colcon.colcon_core.package_identification:_identify(problems/stretch/domain/__pycache__) by extension 'python'
[0.206s] Level 1:colcon.colcon_core.package_identification:_identify(problems/stretch/domain/__pycache__) by extensions ['python_setup_py']
[0.206s] Level 1:colcon.colcon_core.package_identification:_identify(problems/stretch/domain/__pycache__) by extension 'python_setup_py'
[0.206s] Level 1:colcon.colcon_core.package_identification:_identify(problems/stretch/environments) by extensions ['ignore', 'ignore_ament_install']
[0.206s] Level 1:colcon.colcon_core.package_identification:_identify(problems/stretch/environments) by extension 'ignore'
[0.206s] Level 1:colcon.colcon_core.package_identification:_identify(problems/stretch/environments) by extension 'ignore_ament_install'
[0.206s] Level 1:colcon.colcon_core.package_identification:_identify(problems/stretch/environments) by extensions ['colcon_pkg']
[0.206s] Level 1:colcon.colcon_core.package_identification:_identify(problems/stretch/environments) by extension 'colcon_pkg'
[0.206s] Level 1:colcon.colcon_core.package_identification:_identify(problems/stretch/environments) by extensions ['colcon_meta']
[0.206s] Level 1:colcon.colcon_core.package_identification:_identify(problems/stretch/environments) by extension 'colcon_meta'
[0.207s] Level 1:colcon.colcon_core.package_identification:_identify(problems/stretch/environments) by extensions ['ros']
[0.207s] Level 1:colcon.colcon_core.package_identification:_identify(problems/stretch/environments) by extension 'ros'
[0.207s] Level 1:colcon.colcon_core.package_identification:_identify(problems/stretch/environments) by extensions ['cmake', 'python']
[0.207s] Level 1:colcon.colcon_core.package_identification:_identify(problems/stretch/environments) by extension 'cmake'
[0.207s] Level 1:colcon.colcon_core.package_identification:_identify(problems/stretch/environments) by extension 'python'
[0.207s] Level 1:colcon.colcon_core.package_identification:_identify(problems/stretch/environments) by extensions ['python_setup_py']
[0.207s] Level 1:colcon.colcon_core.package_identification:_identify(problems/stretch/environments) by extension 'python_setup_py'
[0.207s] Level 1:colcon.colcon_core.package_identification:_identify(problems/stretch/environments/__pycache__) by extensions ['ignore', 'ignore_ament_install']
[0.207s] Level 1:colcon.colcon_core.package_identification:_identify(problems/stretch/environments/__pycache__) by extension 'ignore'
[0.207s] Level 1:colcon.colcon_core.package_identification:_identify(problems/stretch/environments/__pycache__) by extension 'ignore_ament_install'
[0.207s] Level 1:colcon.colcon_core.package_identification:_identify(problems/stretch/environments/__pycache__) by extensions ['colcon_pkg']
[0.207s] Level 1:colcon.colcon_core.package_identification:_identify(problems/stretch/environments/__pycache__) by extension 'colcon_pkg'
[0.207s] Level 1:colcon.colcon_core.package_identification:_identify(problems/stretch/environments/__pycache__) by extensions ['colcon_meta']
[0.207s] Level 1:colcon.colcon_core.package_identification:_identify(problems/stretch/environments/__pycache__) by extension 'colcon_meta'
[0.207s] Level 1:colcon.colcon_core.package_identification:_identify(problems/stretch/environments/__pycache__) by extensions ['ros']
[0.207s] Level 1:colcon.colcon_core.package_identification:_identify(problems/stretch/environments/__pycache__) by extension 'ros'
[0.207s] Level 1:colcon.colcon_core.package_identification:_identify(problems/stretch/environments/__pycache__) by extensions ['cmake', 'python']
[0.207s] Level 1:colcon.colcon_core.package_identification:_identify(problems/stretch/environments/__pycache__) by extension 'cmake'
[0.207s] Level 1:colcon.colcon_core.package_identification:_identify(problems/stretch/environments/__pycache__) by extension 'python'
[0.207s] Level 1:colcon.colcon_core.package_identification:_identify(problems/stretch/environments/__pycache__) by extensions ['python_setup_py']
[0.207s] Level 1:colcon.colcon_core.package_identification:_identify(problems/stretch/environments/__pycache__) by extension 'python_setup_py'
[0.207s] Level 1:colcon.colcon_core.package_identification:_identify(problems/stretch/framework) by extensions ['ignore', 'ignore_ament_install']
[0.208s] Level 1:colcon.colcon_core.package_identification:_identify(problems/stretch/framework) by extension 'ignore'
[0.208s] Level 1:colcon.colcon_core.package_identification:_identify(problems/stretch/framework) by extension 'ignore_ament_install'
[0.208s] Level 1:colcon.colcon_core.package_identification:_identify(problems/stretch/framework) by extensions ['colcon_pkg']
[0.208s] Level 1:colcon.colcon_core.package_identification:_identify(problems/stretch/framework) by extension 'colcon_pkg'
[0.208s] Level 1:colcon.colcon_core.package_identification:_identify(problems/stretch/framework) by extensions ['colcon_meta']
[0.208s] Level 1:colcon.colcon_core.package_identification:_identify(problems/stretch/framework) by extension 'colcon_meta'
[0.208s] Level 1:colcon.colcon_core.package_identification:_identify(problems/stretch/framework) by extensions ['ros']
[0.208s] Level 1:colcon.colcon_core.package_identification:_identify(problems/stretch/framework) by extension 'ros'
[0.208s] Level 1:colcon.colcon_core.package_identification:_identify(problems/stretch/framework) by extensions ['cmake', 'python']
[0.208s] Level 1:colcon.colcon_core.package_identification:_identify(problems/stretch/framework) by extension 'cmake'
[0.208s] Level 1:colcon.colcon_core.package_identification:_identify(problems/stretch/framework) by extension 'python'
[0.208s] Level 1:colcon.colcon_core.package_identification:_identify(problems/stretch/framework) by extensions ['python_setup_py']
[0.208s] Level 1:colcon.colcon_core.package_identification:_identify(problems/stretch/framework) by extension 'python_setup_py'
[0.208s] Level 1:colcon.colcon_core.package_discovery:discover_packages(recursive) using defaults
[0.208s] Level 1:colcon.colcon_core.package_discovery:discover_packages(ignore) discover
[0.208s] Level 1:colcon.colcon_core.package_discovery:discover_packages(ignore) using defaults
[0.208s] Level 1:colcon.colcon_core.package_discovery:discover_packages(path) discover
[0.208s] Level 1:colcon.colcon_core.package_discovery:discover_packages(path) using defaults
[0.228s] INFO:colcon.colcon_core.executor:Executing jobs using 'parallel' executor
[0.229s] DEBUG:colcon.colcon_parallel_executor.executor.parallel:run_until_complete
[0.230s] DEBUG:colcon.colcon_parallel_executor.executor.parallel:closing loop
[0.230s] DEBUG:colcon.colcon_parallel_executor.executor.parallel:loop closed
[0.230s] DEBUG:colcon.colcon_parallel_executor.executor.parallel:run_until_complete finished with '0'
[0.230s] DEBUG:colcon.colcon_core.event_reactor:joining thread
[0.231s] INFO:colcon.colcon_core.plugin_system:Skipping extension 'colcon_notification.desktop_notification.notify2': 'notify2' not found
[0.232s] INFO:colcon.colcon_core.plugin_system:Skipping extension 'colcon_notification.desktop_notification.terminal_notifier': Not used on non-Darwin systems
[0.232s] INFO:colcon.colcon_core.plugin_system:Skipping extension 'colcon_notification.desktop_notification.win32': Not used on non-Windows systems
[0.232s] INFO:colcon.colcon_notification.desktop_notification:Sending desktop notification using 'notify_send'
[0.251s] DEBUG:colcon.colcon_core.event_reactor:joined thread
[0.252s] INFO:colcon.colcon_core.plugin_system:Skipping extension 'colcon_core.shell.bat': Not used on non-Windows systems
[0.253s] INFO:colcon.colcon_core.shell:Creating prefix script '/home/yuanchu/ros2_ws/src/stretch_pomdp/stretch_pomdp/install/local_setup.ps1'
[0.254s] INFO:colcon.colcon_core.shell:Creating prefix util module '/home/yuanchu/ros2_ws/src/stretch_pomdp/stretch_pomdp/install/_local_setup_util_ps1.py'
[0.256s] INFO:colcon.colcon_core.shell:Creating prefix chain script '/home/yuanchu/ros2_ws/src/stretch_pomdp/stretch_pomdp/install/setup.ps1'
[0.260s] INFO:colcon.colcon_core.shell:Creating prefix script '/home/yuanchu/ros2_ws/src/stretch_pomdp/stretch_pomdp/install/local_setup.sh'
[0.261s] INFO:colcon.colcon_core.shell:Creating prefix util module '/home/yuanchu/ros2_ws/src/stretch_pomdp/stretch_pomdp/install/_local_setup_util_sh.py'
[0.261s] INFO:colcon.colcon_core.shell:Creating prefix chain script '/home/yuanchu/ros2_ws/src/stretch_pomdp/stretch_pomdp/install/setup.sh'
[0.263s] INFO:colcon.colcon_core.shell:Creating prefix script '/home/yuanchu/ros2_ws/src/stretch_pomdp/stretch_pomdp/install/local_setup.bash'
[0.264s] INFO:colcon.colcon_core.shell:Creating prefix chain script '/home/yuanchu/ros2_ws/src/stretch_pomdp/stretch_pomdp/install/setup.bash'
[0.265s] INFO:colcon.colcon_core.shell:Creating prefix script '/home/yuanchu/ros2_ws/src/stretch_pomdp/stretch_pomdp/install/local_setup.zsh'
[0.266s] INFO:colcon.colcon_core.shell:Creating prefix chain script '/home/yuanchu/ros2_ws/src/stretch_pomdp/stretch_pomdp/install/setup.zsh'
